<?xml version="1.0" encoding="UTF-8"?>
<testng-results skipped="0" failed="0" ignored="0" total="1" passed="1">
  <reporter-output>
  </reporter-output>
  <suite name="Default suite" duration-ms="38846" started-at="2020-12-19T13:32:20 IST" finished-at="2020-12-19T13:32:59 IST">
    <groups>
    </groups>
    <test name="Default test" duration-ms="38846" started-at="2020-12-19T13:32:20 IST" finished-at="2020-12-19T13:32:59 IST">
      <class name="Liveapi.Service">
        <test-method status="PASS" signature="firstapitest()[pri:0, instance:Liveapi.Service@d44fc21]" name="firstapitest" duration-ms="38805" started-at="2020-12-19T13:32:20 IST" finished-at="2020-12-19T13:32:59 IST">
          <reporter-output>
          </reporter-output>
        </test-method> <!-- firstapitest -->
      </class> <!-- Liveapi.Service -->
    </test> <!-- Default test -->
  </suite> <!-- Default suite -->
</testng-results>
